2026-04-19 00:11:16,407 [INFO] UtilMem:75 - End SaveConfig() Used Memory: 584596024 Bytes (790626304)
2026-04-19 00:11:16,511 [INFO] BlockDiagram:2775 - set Specific Code input for plugin: NVIC
2026-04-19 00:11:16,511 [INFO] BlockDiagram:2775 - set Specific Code input for plugin: SYS
2026-04-19 00:11:16,511 [INFO] BlockDiagram:2775 - set Specific Code input for plugin: GPIO
2026-04-19 00:11:16,511 [INFO] BlockDiagram:2775 - set Specific Code input for plugin: RCC
2026-04-19 00:11:16,511 [INFO] BlockDiagram:2775 - set Specific Code input for plugin: I2C
2026-04-19 00:11:16,512 [INFO] CodeGenerator:892 - code generatio: config db path: /opt/st/stm32cubeide_1.19.0/plugins/com.st.stm32cube.common.mx_6.15.0.202507011659//db/
2026-04-19 00:11:16,594 [INFO] CodeEngine:265 - oldGeneratedFile, /home/rishi/STM32CubeIDE/IDP1/test/MXTmpFiles/license.tmp_save
2026-04-19 00:11:16,808 [INFO] CodeEngine:289 - Generated code: /home/rishi/STM32CubeIDE/IDP1/test/MXTmpFiles/license.tmp
2026-04-19 00:11:16,829 [INFO] CodeEngine:265 - oldGeneratedFile, /home/rishi/STM32CubeIDE/IDP1/test/MXTmpFiles/gpio.tmp_save
2026-04-19 00:11:16,915 [INFO] CodeEngine:289 - Generated code: /home/rishi/STM32CubeIDE/IDP1/test/MXTmpFiles/gpio.tmp
2026-04-19 00:11:16,952 [INFO] CodeEngine:265 - oldGeneratedFile, /home/rishi/STM32CubeIDE/IDP1/test/Core/Src/stm32g0xx_it.c_save
2026-04-19 00:11:17,139 [INFO] CodeEngine:289 - Generated code: /home/rishi/STM32CubeIDE/IDP1/test/Core/Src/stm32g0xx_it.c
2026-04-19 00:11:17,140 [INFO] CodeEngine:265 - oldGeneratedFile, /home/rishi/STM32CubeIDE/IDP1/test/Core/Inc/stm32g0xx_it.h_save
2026-04-19 00:11:17,200 [INFO] CodeEngine:289 - Generated code: /home/rishi/STM32CubeIDE/IDP1/test/Core/Inc/stm32g0xx_it.h
2026-04-19 00:11:17,202 [INFO] CodeEngine:265 - oldGeneratedFile, /home/rishi/STM32CubeIDE/IDP1/test/Core/Src/stm32g0xx_hal_msp.c_save
2026-04-19 00:11:17,316 [INFO] CodeEngine:289 - Generated code: /home/rishi/STM32CubeIDE/IDP1/test/Core/Src/stm32g0xx_hal_msp.c
2026-04-19 00:11:17,317 [INFO] CodeEngine:265 - oldGeneratedFile, /home/rishi/STM32CubeIDE/IDP1/test/MXTmpFiles/system.tmp_save
2026-04-19 00:11:17,365 [INFO] CodeEngine:289 - Generated code: /home/rishi/STM32CubeIDE/IDP1/test/MXTmpFiles/system.tmp
2026-04-19 00:11:17,367 [INFO] CodeEngine:321 - oldGeneratedFile, /home/rishi/STM32CubeIDE/IDP1/test/Core/Inc/stm32g0xx_hal_conf.h_save
2026-04-19 00:11:17,409 [INFO] CodeEngine:345 - Generated code: /home/rishi/STM32CubeIDE/IDP1/test/Core/Inc/stm32g0xx_hal_conf.h
2026-04-19 00:11:17,421 [INFO] CodeEngine:265 - oldGeneratedFile, /home/rishi/STM32CubeIDE/IDP1/test/Core/Inc/main.h_save
2026-04-19 00:11:17,482 [INFO] CodeEngine:289 - Generated code: /home/rishi/STM32CubeIDE/IDP1/test/Core/Inc/main.h
2026-04-19 00:11:17,483 [INFO] CodeEngine:265 - oldGeneratedFile, /home/rishi/STM32CubeIDE/IDP1/test/Core/Src/main.c_save
2026-04-19 00:11:17,557 [INFO] CodeEngine:289 - Generated code: /home/rishi/STM32CubeIDE/IDP1/test/Core/Src/main.c
2026-04-19 00:11:17,747 [INFO] ProjectBuilder:3606 - Time for Copy HAL[1] : 11mS.
2026-04-19 00:11:17,748 [INFO] ProjectBuilder:5216 - Project Generator version: 4.7.0-B52
2026-04-19 00:11:17,811 [INFO] ConfigFileManager:1595 - The Die is : DIE460
2026-04-19 00:11:18,285 [INFO] ProjectBuilder:5496 - Time for Generating toolchain IDE Files: 536mS.
2026-04-19 00:11:18,285 [INFO] ProjectBuilder:3463 - Time for Copy CMSIS : 0mS.
2026-04-19 00:11:18,285 [INFO] ProjectBuilder:3463 - Time for Copy CMSIS : 0mS.
2026-04-19 00:28:38,036 [INFO] WebApp:191 - Connection restablished
2026-04-19 00:28:40,202 [INFO] WebApp:194 - Connection lost
2026-04-19 00:28:40,830 [INFO] WebApp:191 - Connection restablished
2026-04-19 00:37:43,752 [INFO] NvicIntPanel:101 - NVIC parent = com.st.microxplorer.plugins.ip.nvic.MultiNvicIntPanel[,0,0,479x221,layout=javax.swing.BoxLayout,alignmentX=0.0,alignmentY=0.0,border=,flags=9,maximumSize=,minimumSize=,preferredSize=]
2026-04-19 00:42:34,713 [INFO] UtilMem:75 - End SaveConfig() Used Memory: 354714336 Bytes (790626304)
2026-04-19 00:42:35,757 [INFO] UtilMem:75 - End SaveConfig() Used Memory: 421823200 Bytes (790626304)
2026-04-19 00:42:35,916 [INFO] BlockDiagram:2775 - set Specific Code input for plugin: NVIC
2026-04-19 00:42:35,916 [INFO] BlockDiagram:2775 - set Specific Code input for plugin: USART
2026-04-19 00:42:35,916 [INFO] BlockDiagram:2775 - set Specific Code input for plugin: SYS
2026-04-19 00:42:35,917 [INFO] BlockDiagram:2775 - set Specific Code input for plugin: GPIO
2026-04-19 00:42:35,917 [INFO] BlockDiagram:2775 - set Specific Code input for plugin: RCC
2026-04-19 00:42:35,917 [INFO] BlockDiagram:2775 - set Specific Code input for plugin: I2C
2026-04-19 00:42:35,917 [INFO] CodeGenerator:892 - code generatio: config db path: /opt/st/stm32cubeide_1.19.0/plugins/com.st.stm32cube.common.mx_6.15.0.202507011659//db/
2026-04-19 00:42:35,969 [INFO] CodeEngine:265 - oldGeneratedFile, /home/rishi/STM32CubeIDE/IDP1/test/MXTmpFiles/license.tmp_save
2026-04-19 00:42:36,132 [INFO] CodeEngine:289 - Generated code: /home/rishi/STM32CubeIDE/IDP1/test/MXTmpFiles/license.tmp
2026-04-19 00:42:36,159 [INFO] CodeEngine:265 - oldGeneratedFile, /home/rishi/STM32CubeIDE/IDP1/test/MXTmpFiles/gpio.tmp_save
2026-04-19 00:42:36,251 [INFO] CodeEngine:289 - Generated code: /home/rishi/STM32CubeIDE/IDP1/test/MXTmpFiles/gpio.tmp
2026-04-19 00:42:36,406 [INFO] CodeEngine:265 - oldGeneratedFile, /home/rishi/STM32CubeIDE/IDP1/test/Core/Src/stm32g0xx_it.c_save
2026-04-19 00:42:36,590 [INFO] CodeEngine:289 - Generated code: /home/rishi/STM32CubeIDE/IDP1/test/Core/Src/stm32g0xx_it.c
2026-04-19 00:42:36,592 [INFO] CodeEngine:265 - oldGeneratedFile, /home/rishi/STM32CubeIDE/IDP1/test/Core/Inc/stm32g0xx_it.h_save
2026-04-19 00:42:36,657 [INFO] CodeEngine:289 - Generated code: /home/rishi/STM32CubeIDE/IDP1/test/Core/Inc/stm32g0xx_it.h
2026-04-19 00:42:36,662 [INFO] CodeEngine:265 - oldGeneratedFile, /home/rishi/STM32CubeIDE/IDP1/test/Core/Src/stm32g0xx_hal_msp.c_save
2026-04-19 00:42:36,795 [INFO] CodeEngine:289 - Generated code: /home/rishi/STM32CubeIDE/IDP1/test/Core/Src/stm32g0xx_hal_msp.c
2026-04-19 00:42:36,796 [INFO] CodeEngine:265 - oldGeneratedFile, /home/rishi/STM32CubeIDE/IDP1/test/MXTmpFiles/system.tmp_save
2026-04-19 00:42:36,846 [INFO] CodeEngine:289 - Generated code: /home/rishi/STM32CubeIDE/IDP1/test/MXTmpFiles/system.tmp
2026-04-19 00:42:36,848 [INFO] CodeEngine:321 - oldGeneratedFile, /home/rishi/STM32CubeIDE/IDP1/test/Core/Inc/stm32g0xx_hal_conf.h_save
2026-04-19 00:42:36,900 [INFO] CodeEngine:345 - Generated code: /home/rishi/STM32CubeIDE/IDP1/test/Core/Inc/stm32g0xx_hal_conf.h
2026-04-19 00:42:36,918 [INFO] ApiDbMcu:532 - Load IP Config File for USART1
2026-04-19 00:42:36,920 [INFO] CodeEngine:265 - oldGeneratedFile, /home/rishi/STM32CubeIDE/IDP1/test/Core/Inc/main.h_save
2026-04-19 00:42:36,986 [INFO] CodeEngine:289 - Generated code: /home/rishi/STM32CubeIDE/IDP1/test/Core/Inc/main.h
2026-04-19 00:42:36,987 [INFO] CodeEngine:265 - oldGeneratedFile, /home/rishi/STM32CubeIDE/IDP1/test/Core/Src/main.c_save
2026-04-19 00:42:37,061 [INFO] CodeEngine:289 - Generated code: /home/rishi/STM32CubeIDE/IDP1/test/Core/Src/main.c
2026-04-19 00:42:37,182 [INFO] ProjectBuilder:3606 - Time for Copy HAL[1] : 10mS.
2026-04-19 00:42:37,183 [INFO] ProjectBuilder:5216 - Project Generator version: 4.7.0-B52
2026-04-19 00:42:37,237 [INFO] ConfigFileManager:1595 - The Die is : DIE460
2026-04-19 00:42:37,693 [INFO] ProjectBuilder:5496 - Time for Generating toolchain IDE Files: 510mS.
2026-04-19 00:42:37,694 [INFO] ProjectBuilder:3463 - Time for Copy CMSIS : 0mS.
2026-04-19 00:42:37,694 [INFO] ProjectBuilder:3463 - Time for Copy CMSIS : 0mS.
2026-04-19 00:42:40,388 [ERROR] ConfigurationRetriever:142 - IOException on connection: Read timed out
2026-04-19 00:43:02,018 [INFO] UtilMem:75 - End SaveConfig() Used Memory: 478200728 Bytes (790626304)
2026-04-19 00:43:02,079 [INFO] BlockDiagram:2775 - set Specific Code input for plugin: NVIC
2026-04-19 00:43:02,079 [INFO] BlockDiagram:2775 - set Specific Code input for plugin: USART
2026-04-19 00:43:02,079 [INFO] BlockDiagram:2775 - set Specific Code input for plugin: SYS
2026-04-19 00:43:02,079 [INFO] BlockDiagram:2775 - set Specific Code input for plugin: GPIO
2026-04-19 00:43:02,079 [INFO] BlockDiagram:2775 - set Specific Code input for plugin: RCC
2026-04-19 00:43:02,079 [INFO] BlockDiagram:2775 - set Specific Code input for plugin: I2C
2026-04-19 00:43:02,079 [INFO] CodeGenerator:892 - code generatio: config db path: /opt/st/stm32cubeide_1.19.0/plugins/com.st.stm32cube.common.mx_6.15.0.202507011659//db/
2026-04-19 00:43:02,133 [INFO] CodeEngine:265 - oldGeneratedFile, /home/rishi/STM32CubeIDE/IDP1/test/MXTmpFiles/license.tmp_save
2026-04-19 00:43:02,174 [INFO] CodeEngine:289 - Generated code: /home/rishi/STM32CubeIDE/IDP1/test/MXTmpFiles/license.tmp
2026-04-19 00:43:02,186 [INFO] CodeEngine:265 - oldGeneratedFile, /home/rishi/STM32CubeIDE/IDP1/test/MXTmpFiles/gpio.tmp_save
2026-04-19 00:43:02,225 [INFO] CodeEngine:289 - Generated code: /home/rishi/STM32CubeIDE/IDP1/test/MXTmpFiles/gpio.tmp
2026-04-19 00:43:02,276 [INFO] CodeEngine:265 - oldGeneratedFile, /home/rishi/STM32CubeIDE/IDP1/test/Core/Src/stm32g0xx_it.c_save
2026-04-19 00:43:02,317 [INFO] CodeEngine:289 - Generated code: /home/rishi/STM32CubeIDE/IDP1/test/Core/Src/stm32g0xx_it.c
2026-04-19 00:43:02,318 [INFO] CodeEngine:265 - oldGeneratedFile, /home/rishi/STM32CubeIDE/IDP1/test/Core/Inc/stm32g0xx_it.h_save
2026-04-19 00:43:02,354 [INFO] CodeEngine:289 - Generated code: /home/rishi/STM32CubeIDE/IDP1/test/Core/Inc/stm32g0xx_it.h
2026-04-19 00:43:02,357 [INFO] CodeEngine:265 - oldGeneratedFile, /home/rishi/STM32CubeIDE/IDP1/test/Core/Src/stm32g0xx_hal_msp.c_save
2026-04-19 00:43:02,416 [INFO] CodeEngine:289 - Generated code: /home/rishi/STM32CubeIDE/IDP1/test/Core/Src/stm32g0xx_hal_msp.c
2026-04-19 00:43:02,417 [INFO] CodeEngine:265 - oldGeneratedFile, /home/rishi/STM32CubeIDE/IDP1/test/MXTmpFiles/system.tmp_save
2026-04-19 00:43:02,456 [INFO] CodeEngine:289 - Generated code: /home/rishi/STM32CubeIDE/IDP1/test/MXTmpFiles/system.tmp
2026-04-19 00:43:02,457 [INFO] CodeEngine:321 - oldGeneratedFile, /home/rishi/STM32CubeIDE/IDP1/test/Core/Inc/stm32g0xx_hal_conf.h_save
2026-04-19 00:43:02,494 [INFO] CodeEngine:345 - Generated code: /home/rishi/STM32CubeIDE/IDP1/test/Core/Inc/stm32g0xx_hal_conf.h
2026-04-19 00:43:02,502 [INFO] CodeEngine:265 - oldGeneratedFile, /home/rishi/STM32CubeIDE/IDP1/test/Core/Inc/main.h_save
2026-04-19 00:43:02,553 [INFO] CodeEngine:289 - Generated code: /home/rishi/STM32CubeIDE/IDP1/test/Core/Inc/main.h
2026-04-19 00:43:02,554 [INFO] CodeEngine:265 - oldGeneratedFile, /home/rishi/STM32CubeIDE/IDP1/test/Core/Src/main.c_save
2026-04-19 00:43:02,620 [INFO] CodeEngine:289 - Generated code: /home/rishi/STM32CubeIDE/IDP1/test/Core/Src/main.c
2026-04-19 00:43:02,738 [INFO] ProjectBuilder:3606 - Time for Copy HAL[1] : 10mS.
2026-04-19 00:43:02,739 [INFO] ProjectBuilder:5216 - Project Generator version: 4.7.0-B52
2026-04-19 00:43:02,790 [INFO] ConfigFileManager:1595 - The Die is : DIE460
2026-04-19 00:43:03,159 [INFO] ProjectBuilder:5496 - Time for Generating toolchain IDE Files: 419mS.
2026-04-19 00:43:03,159 [INFO] ProjectBuilder:3463 - Time for Copy CMSIS : 0mS.
2026-04-19 00:43:03,159 [INFO] ProjectBuilder:3463 - Time for Copy CMSIS : 0mS.
2026-04-19 00:43:21,068 [INFO] UtilMem:75 - End SaveConfig() Used Memory: 323449256 Bytes (790626304)
2026-04-19 00:43:21,141 [INFO] BlockDiagram:2775 - set Specific Code input for plugin: NVIC
2026-04-19 00:43:21,142 [INFO] BlockDiagram:2775 - set Specific Code input for plugin: USART
2026-04-19 00:43:21,142 [INFO] BlockDiagram:2775 - set Specific Code input for plugin: SYS
2026-04-19 00:43:21,142 [INFO] BlockDiagram:2775 - set Specific Code input for plugin: GPIO
2026-04-19 00:43:21,142 [INFO] BlockDiagram:2775 - set Specific Code input for plugin: RCC
2026-04-19 00:43:21,142 [INFO] BlockDiagram:2775 - set Specific Code input for plugin: I2C
2026-04-19 00:43:21,142 [INFO] CodeGenerator:892 - code generatio: config db path: /opt/st/stm32cubeide_1.19.0/plugins/com.st.stm32cube.common.mx_6.15.0.202507011659//db/
2026-04-19 00:43:21,189 [INFO] CodeEngine:265 - oldGeneratedFile, /home/rishi/STM32CubeIDE/IDP1/test/MXTmpFiles/license.tmp_save
2026-04-19 00:43:21,226 [INFO] CodeEngine:289 - Generated code: /home/rishi/STM32CubeIDE/IDP1/test/MXTmpFiles/license.tmp
2026-04-19 00:43:21,239 [INFO] CodeEngine:265 - oldGeneratedFile, /home/rishi/STM32CubeIDE/IDP1/test/MXTmpFiles/gpio.tmp_save
2026-04-19 00:43:21,278 [INFO] CodeEngine:289 - Generated code: /home/rishi/STM32CubeIDE/IDP1/test/MXTmpFiles/gpio.tmp
2026-04-19 00:43:21,345 [INFO] CodeEngine:265 - oldGeneratedFile, /home/rishi/STM32CubeIDE/IDP1/test/Core/Src/stm32g0xx_it.c_save
2026-04-19 00:43:21,407 [INFO] CodeEngine:289 - Generated code: /home/rishi/STM32CubeIDE/IDP1/test/Core/Src/stm32g0xx_it.c
2026-04-19 00:43:21,408 [INFO] CodeEngine:265 - oldGeneratedFile, /home/rishi/STM32CubeIDE/IDP1/test/Core/Inc/stm32g0xx_it.h_save
2026-04-19 00:43:21,452 [INFO] CodeEngine:289 - Generated code: /home/rishi/STM32CubeIDE/IDP1/test/Core/Inc/stm32g0xx_it.h
2026-04-19 00:43:21,454 [INFO] CodeEngine:265 - oldGeneratedFile, /home/rishi/STM32CubeIDE/IDP1/test/Core/Src/stm32g0xx_hal_msp.c_save
2026-04-19 00:43:21,510 [INFO] CodeEngine:289 - Generated code: /home/rishi/STM32CubeIDE/IDP1/test/Core/Src/stm32g0xx_hal_msp.c
2026-04-19 00:43:21,510 [INFO] CodeEngine:265 - oldGeneratedFile, /home/rishi/STM32CubeIDE/IDP1/test/MXTmpFiles/system.tmp_save
2026-04-19 00:43:21,546 [INFO] CodeEngine:289 - Generated code: /home/rishi/STM32CubeIDE/IDP1/test/MXTmpFiles/system.tmp
2026-04-19 00:43:21,548 [INFO] CodeEngine:321 - oldGeneratedFile, /home/rishi/STM32CubeIDE/IDP1/test/Core/Inc/stm32g0xx_hal_conf.h_save
2026-04-19 00:43:21,585 [INFO] CodeEngine:345 - Generated code: /home/rishi/STM32CubeIDE/IDP1/test/Core/Inc/stm32g0xx_hal_conf.h
2026-04-19 00:43:21,592 [INFO] CodeEngine:265 - oldGeneratedFile, /home/rishi/STM32CubeIDE/IDP1/test/Core/Inc/main.h_save
2026-04-19 00:43:21,631 [INFO] CodeEngine:289 - Generated code: /home/rishi/STM32CubeIDE/IDP1/test/Core/Inc/main.h
2026-04-19 00:43:21,632 [INFO] CodeEngine:265 - oldGeneratedFile, /home/rishi/STM32CubeIDE/IDP1/test/Core/Src/main.c_save
2026-04-19 00:43:21,690 [INFO] CodeEngine:289 - Generated code: /home/rishi/STM32CubeIDE/IDP1/test/Core/Src/main.c
2026-04-19 00:43:21,799 [INFO] ProjectBuilder:3606 - Time for Copy HAL[1] : 9mS.
2026-04-19 00:43:21,800 [INFO] ProjectBuilder:5216 - Project Generator version: 4.7.0-B52
2026-04-19 00:43:21,850 [INFO] ConfigFileManager:1595 - The Die is : DIE460
2026-04-19 00:43:22,184 [INFO] ProjectBuilder:5496 - Time for Generating toolchain IDE Files: 383mS.
2026-04-19 00:43:22,184 [INFO] ProjectBuilder:3463 - Time for Copy CMSIS : 0mS.
2026-04-19 00:43:22,184 [INFO] ProjectBuilder:3463 - Time for Copy CMSIS : 0mS.
2026-04-19 00:49:35,473 [INFO] UtilMem:75 - End SaveConfig() Used Memory: 399285800 Bytes (790626304)
2026-04-19 00:49:36,568 [INFO] UtilMem:75 - End SaveConfig() Used Memory: 440180264 Bytes (790626304)
2026-04-19 00:49:36,655 [INFO] BlockDiagram:2775 - set Specific Code input for plugin: NVIC
2026-04-19 00:49:36,655 [INFO] BlockDiagram:2775 - set Specific Code input for plugin: USART
2026-04-19 00:49:36,655 [INFO] BlockDiagram:2775 - set Specific Code input for plugin: USART
2026-04-19 00:49:36,655 [INFO] BlockDiagram:2775 - set Specific Code input for plugin: SYS
2026-04-19 00:49:36,656 [INFO] BlockDiagram:2775 - set Specific Code input for plugin: GPIO
2026-04-19 00:49:36,656 [INFO] BlockDiagram:2775 - set Specific Code input for plugin: RCC
2026-04-19 00:49:36,656 [INFO] BlockDiagram:2775 - set Specific Code input for plugin: I2C
2026-04-19 00:49:36,656 [INFO] CodeGenerator:892 - code generatio: config db path: /opt/st/stm32cubeide_1.19.0/plugins/com.st.stm32cube.common.mx_6.15.0.202507011659//db/
2026-04-19 00:49:36,710 [INFO] CodeEngine:265 - oldGeneratedFile, /home/rishi/STM32CubeIDE/IDP1/test/MXTmpFiles/license.tmp_save
2026-04-19 00:49:36,760 [INFO] CodeEngine:289 - Generated code: /home/rishi/STM32CubeIDE/IDP1/test/MXTmpFiles/license.tmp
2026-04-19 00:49:36,774 [INFO] CodeEngine:265 - oldGeneratedFile, /home/rishi/STM32CubeIDE/IDP1/test/MXTmpFiles/gpio.tmp_save
2026-04-19 00:49:36,816 [INFO] CodeEngine:289 - Generated code: /home/rishi/STM32CubeIDE/IDP1/test/MXTmpFiles/gpio.tmp
2026-04-19 00:49:36,896 [INFO] CodeEngine:265 - oldGeneratedFile, /home/rishi/STM32CubeIDE/IDP1/test/Core/Src/stm32g0xx_it.c_save
2026-04-19 00:49:36,937 [INFO] CodeEngine:289 - Generated code: /home/rishi/STM32CubeIDE/IDP1/test/Core/Src/stm32g0xx_it.c
2026-04-19 00:49:36,937 [INFO] CodeEngine:265 - oldGeneratedFile, /home/rishi/STM32CubeIDE/IDP1/test/Core/Inc/stm32g0xx_it.h_save
2026-04-19 00:49:36,974 [INFO] CodeEngine:289 - Generated code: /home/rishi/STM32CubeIDE/IDP1/test/Core/Inc/stm32g0xx_it.h
2026-04-19 00:49:36,976 [INFO] CodeEngine:265 - oldGeneratedFile, /home/rishi/STM32CubeIDE/IDP1/test/Core/Src/stm32g0xx_hal_msp.c_save
2026-04-19 00:49:37,037 [INFO] CodeEngine:289 - Generated code: /home/rishi/STM32CubeIDE/IDP1/test/Core/Src/stm32g0xx_hal_msp.c
2026-04-19 00:49:37,038 [INFO] CodeEngine:265 - oldGeneratedFile, /home/rishi/STM32CubeIDE/IDP1/test/MXTmpFiles/system.tmp_save
2026-04-19 00:49:37,077 [INFO] CodeEngine:289 - Generated code: /home/rishi/STM32CubeIDE/IDP1/test/MXTmpFiles/system.tmp
2026-04-19 00:49:37,079 [INFO] CodeEngine:321 - oldGeneratedFile, /home/rishi/STM32CubeIDE/IDP1/test/Core/Inc/stm32g0xx_hal_conf.h_save
2026-04-19 00:49:37,121 [INFO] CodeEngine:345 - Generated code: /home/rishi/STM32CubeIDE/IDP1/test/Core/Inc/stm32g0xx_hal_conf.h
2026-04-19 00:49:37,128 [INFO] CodeEngine:265 - oldGeneratedFile, /home/rishi/STM32CubeIDE/IDP1/test/Core/Inc/main.h_save
2026-04-19 00:49:37,167 [INFO] CodeEngine:289 - Generated code: /home/rishi/STM32CubeIDE/IDP1/test/Core/Inc/main.h
2026-04-19 00:49:37,168 [INFO] CodeEngine:265 - oldGeneratedFile, /home/rishi/STM32CubeIDE/IDP1/test/Core/Src/main.c_save
2026-04-19 00:49:37,228 [INFO] CodeEngine:289 - Generated code: /home/rishi/STM32CubeIDE/IDP1/test/Core/Src/main.c
2026-04-19 00:49:37,351 [INFO] ProjectBuilder:3606 - Time for Copy HAL[1] : 9mS.
2026-04-19 00:49:37,351 [INFO] ProjectBuilder:5216 - Project Generator version: 4.7.0-B52
2026-04-19 00:49:37,402 [INFO] ConfigFileManager:1595 - The Die is : DIE460
2026-04-19 00:49:37,736 [INFO] ProjectBuilder:5496 - Time for Generating toolchain IDE Files: 385mS.
2026-04-19 00:49:37,736 [INFO] ProjectBuilder:3463 - Time for Copy CMSIS : 0mS.
2026-04-19 00:49:37,737 [INFO] ProjectBuilder:3463 - Time for Copy CMSIS : 0mS.
2026-04-19 03:28:44,942 [INFO] WebApp:194 - Connection lost
2026-04-19 03:28:47,507 [INFO] WebApp:191 - Connection restablished
2026-04-19 03:30:05,081 [INFO] WebApp:194 - Connection lost
2026-04-19 03:30:52,521 [INFO] WebApp:191 - Connection restablished
2026-04-19 03:40:37,128 [INFO] WebApp:194 - Connection lost
2026-04-19 03:40:44,267 [INFO] WebApp:191 - Connection restablished
